# JRE version: Java(TM) SE Runtime Environment (8.0_60-b27) (build 1.8.0_60-b27)
# Java VM: Java HotSpot(TM) 64-Bit Server VM (25.60-b23 mixed mode windows-amd64 compressed oops)
Heap:
 PSYoungGen      total 206848K, used 83377K [0x00000000eab00000, 0x0000000100000000, 0x0000000100000000)
  eden space 116736K, 71% used [0x00000000eab00000,0x00000000efc6c788,0x00000000f1d00000)
  from space 90112K, 0% used [0x00000000fa800000,0x00000000fa800000,0x0000000100000000)
  to   space 116224K, 0% used [0x00000000f1d00000,0x00000000f1d00000,0x00000000f8e80000)
 ParOldGen       total 374784K, used 208385K [0x00000000c0000000, 0x00000000d6e00000, 0x00000000eab00000)
  object space 374784K, 55% used [0x00000000c0000000,0x00000000ccb807c0,0x00000000d6e00000)
 Metaspace       used 6512K, capacity 7256K, committed 7424K, reserved 1056768K
  class space    used 624K, capacity 656K, committed 768K, reserved 1048576K
GC Heap History (10 events):
Event: 12.309 GC heap before
{Heap before GC invocations=9 (full 1):
 PSYoungGen      total 221184K, used 211088K [0x00000000eab00000, 0x0000000100000000, 0x0000000100000000)
  eden space 193536K, 100% used [0x00000000eab00000,0x00000000f6800000,0x00000000f6800000)
  from space 27648K, 63% used [0x00000000f6800000,0x00000000f7924048,0x00000000f8300000)
  to   space 55808K, 0% used [0x00000000fc980000,0x00000000fc980000,0x0000000100000000)
 ParOldGen       total 161280K, used 86791K [0x00000000c0000000, 0x00000000c9d80000, 0x00000000eab00000)
  object space 161280K, 53% used [0x00000000c0000000,0x00000000c54c1e40,0x00000000c9d80000)
 Metaspace       used 6512K, capacity 7256K, committed 7424K, reserved 1056768K
  class space    used 624K, capacity 656K, committed 768K, reserved 1048576K
Event: 12.580 GC heap after
Heap after GC invocations=9 (full 1):
 PSYoungGen      total 224768K, used 55802K [0x00000000eab00000, 0x0000000100000000, 0x0000000100000000)
  eden space 168960K, 0% used [0x00000000eab00000,0x00000000eab00000,0x00000000f5000000)
  from space 55808K, 99% used [0x00000000fc980000,0x00000000ffffea90,0x0000000100000000)
  to   space 90112K, 0% used [0x00000000f5000000,0x00000000f5000000,0x00000000fa800000)
 ParOldGen       total 161280K, used 140860K [0x00000000c0000000, 0x00000000c9d80000, 0x00000000eab00000)
  object space 161280K, 87% used [0x00000000c0000000,0x00000000c898f128,0x00000000c9d80000)
 Metaspace       used 6512K, capacity 7256K, committed 7424K, reserved 1056768K
  class space    used 624K, capacity 656K, committed 768K, reserved 1048576K
}
Event: 12.580 GC heap before
{Heap before GC invocations=10 (full 2):
 PSYoungGen      total 224768K, used 55802K [0x00000000eab00000, 0x0000000100000000, 0x0000000100000000)
  eden space 168960K, 0% used [0x00000000eab00000,0x00000000eab00000,0x00000000f5000000)
  from space 55808K, 99% used [0x00000000fc980000,0x00000000ffffea90,0x0000000100000000)
  to   space 90112K, 0% used [0x00000000f5000000,0x00000000f5000000,0x00000000fa800000)
 ParOldGen       total 161280K, used 140860K [0x00000000c0000000, 0x00000000c9d80000, 0x00000000eab00000)
  object space 161280K, 87% used [0x00000000c0000000,0x00000000c898f128,0x00000000c9d80000)
 Metaspace       used 6512K, capacity 7256K, committed 7424K, reserved 1056768K
  class space    used 624K, capacity 656K, committed 768K, reserved 1048576K
Event: 13.509 GC heap after
Heap after GC invocations=10 (full 2):
 PSYoungGen      total 224768K, used 27348K [0x00000000eab00000, 0x0000000100000000, 0x0000000100000000)
  eden space 168960K, 0% used [0x00000000eab00000,0x00000000eab00000,0x00000000f5000000)
  from space 55808K, 49% used [0x00000000fc980000,0x00000000fe4352f0,0x0000000100000000)
  to   space 90112K, 0% used [0x00000000f5000000,0x00000000f5000000,0x00000000fa800000)
 ParOldGen       total 279040K, used 160830K [0x00000000c0000000, 0x00000000d1080000, 0x00000000eab00000)
  object space 279040K, 57% used [0x00000000c0000000,0x00000000c9d0f910,0x00000000d1080000)
 Metaspace       used 6512K, capacity 7256K, committed 7424K, reserved 1056768K
  class space    used 624K, capacity 656K, committed 768K, reserved 1048576K
}
Event: 14.375 GC heap before
{Heap before GC invocations=11 (full 2):
 PSYoungGen      total 224768K, used 196308K [0x00000000eab00000, 0x0000000100000000, 0x0000000100000000)
  eden space 168960K, 100% used [0x00000000eab00000,0x00000000f5000000,0x00000000f5000000)
  from space 55808K, 49% used [0x00000000fc980000,0x00000000fe4352f0,0x0000000100000000)
  to   space 90112K, 0% used [0x00000000f5000000,0x00000000f5000000,0x00000000fa800000)
 ParOldGen       total 279040K, used 160830K [0x00000000c0000000, 0x00000000d1080000, 0x00000000eab00000)
  object space 279040K, 57% used [0x00000000c0000000,0x00000000c9d0f910,0x00000000d1080000)
 Metaspace       used 6512K, capacity 7256K, committed 7424K, reserved 1056768K
  class space    used 624K, capacity 656K, committed 768K, reserved 1048576K
Event: 14.508 GC heap after
Heap after GC invocations=11 (full 2):
 PSYoungGen      total 259072K, used 90111K [0x00000000eab00000, 0x0000000100000000, 0x0000000100000000)
  eden space 168960K, 0% used [0x00000000eab00000,0x00000000eab00000,0x00000000f5000000)
  from space 90112K, 99% used [0x00000000f5000000,0x00000000fa7ffdd0,0x00000000fa800000)
  to   space 90112K, 0% used [0x00000000fa800000,0x00000000fa800000,0x0000000100000000)
 ParOldGen       total 279040K, used 166075K [0x00000000c0000000, 0x00000000d1080000, 0x00000000eab00000)
  object space 279040K, 59% used [0x00000000c0000000,0x00000000ca22ed70,0x00000000d1080000)
 Metaspace       used 6512K, capacity 7256K, committed 7424K, reserved 1056768K
  class space    used 624K, capacity 656K, committed 768K, reserved 1048576K
}
Event: 14.876 GC heap before
{Heap before GC invocations=12 (full 2):
 PSYoungGen      total 259072K, used 259071K [0x00000000eab00000, 0x0000000100000000, 0x0000000100000000)
  eden space 168960K, 100% used [0x00000000eab00000,0x00000000f5000000,0x00000000f5000000)
  from space 90112K, 99% used [0x00000000f5000000,0x00000000fa7ffdd0,0x00000000fa800000)
  to   space 90112K, 0% used [0x00000000fa800000,0x00000000fa800000,0x0000000100000000)
 ParOldGen       total 279040K, used 166075K [0x00000000c0000000, 0x00000000d1080000, 0x00000000eab00000)
  object space 279040K, 59% used [0x00000000c0000000,0x00000000ca22ed70,0x00000000d1080000)
 Metaspace       used 6512K, capacity 7256K, committed 7424K, reserved 1056768K
  class space    used 624K, capacity 656K, committed 768K, reserved 1048576K
Event: 15.011 GC heap after
Heap after GC invocations=12 (full 2):
 PSYoungGen      total 206848K, used 90102K [0x00000000eab00000, 0x0000000100000000, 0x0000000100000000)
  eden space 116736K, 0% used [0x00000000eab00000,0x00000000eab00000,0x00000000f1d00000)
  from space 90112K, 99% used [0x00000000fa800000,0x00000000ffffd848,0x0000000100000000)
  to   space 116224K, 0% used [0x00000000f1d00000,0x00000000f1d00000,0x00000000f8e80000)
 ParOldGen       total 279040K, used 247250K [0x00000000c0000000, 0x00000000d1080000, 0x00000000eab00000)
  object space 279040K, 88% used [0x00000000c0000000,0x00000000cf174820,0x00000000d1080000)
 Metaspace       used 6512K, capacity 7256K, committed 7424K, reserved 1056768K
  class space    used 624K, capacity 656K, committed 768K, reserved 1048576K
}
Event: 15.011 GC heap before
{Heap before GC invocations=13 (full 3):
 PSYoungGen      total 206848K, used 90102K [0x00000000eab00000, 0x0000000100000000, 0x0000000100000000)
  eden space 116736K, 0% used [0x00000000eab00000,0x00000000eab00000,0x00000000f1d00000)
  from space 90112K, 99% used [0x00000000fa800000,0x00000000ffffd848,0x0000000100000000)
  to   space 116224K, 0% used [0x00000000f1d00000,0x00000000f1d00000,0x00000000f8e80000)
 ParOldGen       total 279040K, used 247250K [0x00000000c0000000, 0x00000000d1080000, 0x00000000eab00000)
  object space 279040K, 88% used [0x00000000c0000000,0x00000000cf174820,0x00000000d1080000)
 Metaspace       used 6512K, capacity 7256K, committed 7424K, reserved 1056768K
  class space    used 624K, capacity 656K, committed 768K, reserved 1048576K
Event: 16.426 GC heap after
Heap after GC invocations=13 (full 3):
 PSYoungGen      total 206848K, used 0K [0x00000000eab00000, 0x0000000100000000, 0x0000000100000000)
  eden space 116736K, 0% used [0x00000000eab00000,0x00000000eab00000,0x00000000f1d00000)
  from space 90112K, 0% used [0x00000000fa800000,0x00000000fa800000,0x0000000100000000)
  to   space 116224K, 0% used [0x00000000f1d00000,0x00000000f1d00000,0x00000000f8e80000)
 ParOldGen       total 374784K, used 208385K [0x00000000c0000000, 0x00000000d6e00000, 0x00000000eab00000)
  object space 374784K, 55% used [0x00000000c0000000,0x00000000ccb807c0,0x00000000d6e00000)
 Metaspace       used 6512K, capacity 7256K, committed 7424K, reserved 1056768K
  class space    used 624K, capacity 656K, committed 768K, reserved 1048576K
}

